<?xml version="1.0" encoding="UTF-8"?>
<testsuite xmlns:xsi="http://www.w3.org/2001/XMLSchema-instance" xsi:noNamespaceSchemaLocation="https://maven.apache.org/surefire/maven-surefire-plugin/xsd/surefire-test-report.xsd" name="calendarios.CalendariosTest" time="0.784" tests="24" errors="0" skipped="0" failures="0">
  <properties>
[...]
</properties>
  <testcase name="sePuedenListarMultiplesEventoEntreDosFechasParaUneUsuarieConCoincidenciaTotal" classname="calendarios.CalendariosTest" time="0.663"/>
  <testcase name="unCalendarioPermiteAgendarUnEvento" classname="calendarios.CalendariosTest" time="0"/>
  <testcase name="noLlegaATiempoAlProximoEventoCuandoHayUnEventoFísicamenteLejano" classname="calendarios.CalendariosTest" time="0.031"/>
  <testcase name="sePuedeSaberConQueEventosEstaSolapado" classname="calendarios.CalendariosTest" time="0.001"/>
  <testcase name="uneUsuarieTieneMuchosCalendarios" classname="calendarios.CalendariosTest" time="0"/>
  <testcase name="sePuedeSaberSiUnEventoEstaSolapadoCuandoNoEstaSolapado" classname="calendarios.CalendariosTest" time="0"/>
  <testcase name="llegaATiempoAlProximoEventoCuandoHayUnEventoCercanoAunqueAlSiguienteNoLlegue" classname="calendarios.CalendariosTest" time="0.001"/>
  <testcase name="sePuedenListarEventosDeMultiplesCalendarios" classname="calendarios.CalendariosTest" time="0.001"/>
  <testcase name="sePuedeListarUnEventoEntreDosFechasParaUnCalendario" classname="calendarios.CalendariosTest" time="0.001"/>
  <testcase name="sePuedenListarMultiplesEventoEntreDosFechasParaUneUsuarieConCoincidenciaParcial" classname="calendarios.CalendariosTest" time="0.001"/>
  <testcase name="siEsHoraDeEjecutarUnRecordatorioEntoncesSeEnviaElMail" classname="calendarios.CalendariosTest" time="0.017"/>
  <testcase name="sePuedeListarUnEventoEntreDosFechasParaUneUsuarie" classname="calendarios.CalendariosTest" time="0.001"/>
  <testcase name="unEventoSabeCuantoFalta" classname="calendarios.CalendariosTest" time="0.001"/>
  <testcase name="sePuedenAgendarYListarEventosRecurrrentes" classname="calendarios.CalendariosTest" time="0.002"/>
  <testcase name="unEventoRecurrenteSabeCuantoFaltaParaSuProximaRepeticion" classname="calendarios.CalendariosTest" time="0.002"/>
  <testcase name="llegaATiempoAlProximoEventoCuandoHayUnEventoCercano" classname="calendarios.CalendariosTest" time="0.002"/>
  <testcase name="noSeListaUnEventoSiNoEstaEntreLasFechasIndicadasParaUneUsuarie" classname="calendarios.CalendariosTest" time="0"/>
  <testcase name="llegaATiempoAlProximoEventoCuandoNoHayEventos" classname="calendarios.CalendariosTest" time="0"/>
  <testcase name="sePuedenAgregarRecordatorios" classname="calendarios.CalendariosTest" time="0.001"/>
  <testcase name="unEventoPuedeTenerMultiplesInvitades" classname="calendarios.CalendariosTest" time="0.001"/>
  <testcase name="unCalendarioPermiteAgendarDosEvento" classname="calendarios.CalendariosTest" time="0.001"/>
  <testcase name="siNoEsHoraDeEjecutarUnRecordatorioEntoncesNoPasaNada" classname="calendarios.CalendariosTest" time="0.001"/>
  <testcase name="sePuedeSaberSiUnEventoEstaSolapadoCuandoEstaParcialmenteIncluido" classname="calendarios.CalendariosTest" time="0.001"/>
  <testcase name="sePuedeSaberSiUnEventoEstaSolapadoCuandoEstaTotalmenteIncluido" classname="calendarios.CalendariosTest" time="0.001"/>
</testsuite>